<?xml version="1.0" encoding="UTF-8" ?>
<testsuites name="vitest tests" tests="8" failures="0" errors="0" time="0.397174623">
    <testsuite name="src/components/Header.test.tsx" timestamp="2025-08-11T17:13:05.414Z" hostname="Mac.home" tests="2" failures="0" errors="0" skipped="0" time="0.060449791">
        <testcase classname="src/components/Header.test.tsx" name="Header &gt; renders unauthenticated actions when no user session" time="0.044109042">
        </testcase>
        <testcase classname="src/components/Header.test.tsx" name="Header &gt; renders authenticated actions when user session exists" time="0.015753667">
        </testcase>
    </testsuite>
    <testsuite name="src/lib/utils.test.ts" timestamp="2025-08-11T17:13:05.415Z" hostname="Mac.home" tests="2" failures="0" errors="0" skipped="0" time="0.008013292">
        <testcase classname="src/lib/utils.test.ts" name="cn &gt; merges class names and ignores falsy values" time="0.006443875">
        </testcase>
        <testcase classname="src/lib/utils.test.ts" name="cn &gt; deduplicates conflicting tailwind classes" time="0.000269709">
        </testcase>
    </testsuite>
    <testsuite name="src/pages/Auth.test.tsx" timestamp="2025-08-11T17:13:05.415Z" hostname="Mac.home" tests="2" failures="0" errors="0" skipped="0" time="0.259343541">
        <testcase classname="src/pages/Auth.test.tsx" name="Auth page &gt; allows login form input and calls supabase signInWithPassword on submit" time="0.14785025">
        </testcase>
        <testcase classname="src/pages/Auth.test.tsx" name="Auth page &gt; switches to signup tab and calls supabase signUp on submit" time="0.110837958">
        </testcase>
    </testsuite>
    <testsuite name="src/pages/Index.test.tsx" timestamp="2025-08-11T17:13:05.415Z" hostname="Mac.home" tests="1" failures="0" errors="0" skipped="0" time="0.047865583">
        <testcase classname="src/pages/Index.test.tsx" name="Index page &gt; renders hero content" time="0.047323167">
        </testcase>
    </testsuite>
    <testsuite name="tests/unit/frontend/smoke.test.tsx" timestamp="2025-08-11T17:13:05.416Z" hostname="Mac.home" tests="1" failures="0" errors="0" skipped="0" time="0.021502416">
        <testcase classname="tests/unit/frontend/smoke.test.tsx" name="UI smoke &gt; renders landing content" time="0.020768542">
        </testcase>
    </testsuite>
</testsuites>
