<?xml version="1.0" encoding="UTF-8" ?>
<testsuites name="vitest tests" tests="7" failures="0" errors="0" time="0.477445749">
    <testsuite name="src/components/Header.test.tsx" timestamp="2025-08-09T22:46:05.537Z" hostname="Stephens-MacBook-Air.local" tests="2" failures="0" errors="0" skipped="0" time="0.077374958">
        <testcase classname="src/components/Header.test.tsx" name="Header &gt; renders unauthenticated actions when no user session" time="0.056144458">
        </testcase>
        <testcase classname="src/components/Header.test.tsx" name="Header &gt; renders authenticated actions when user session exists" time="0.017796292">
        </testcase>
    </testsuite>
    <testsuite name="src/lib/utils.test.ts" timestamp="2025-08-09T22:46:05.538Z" hostname="Stephens-MacBook-Air.local" tests="2" failures="0" errors="0" skipped="0" time="0.011906042">
        <testcase classname="src/lib/utils.test.ts" name="cn &gt; merges class names and ignores falsy values" time="0.0089245">
        </testcase>
        <testcase classname="src/lib/utils.test.ts" name="cn &gt; deduplicates conflicting tailwind classes" time="0.001055333">
        </testcase>
    </testsuite>
    <testsuite name="src/pages/Auth.test.tsx" timestamp="2025-08-09T22:46:05.538Z" hostname="Stephens-MacBook-Air.local" tests="2" failures="0" errors="0" skipped="0" time="0.332677958">
        <testcase classname="src/pages/Auth.test.tsx" name="Auth page &gt; allows login form input and calls supabase signInWithPassword on submit" time="0.173432333">
        </testcase>
        <testcase classname="src/pages/Auth.test.tsx" name="Auth page &gt; switches to signup tab and calls supabase signUp on submit" time="0.157464459">
        </testcase>
    </testsuite>
    <testsuite name="src/pages/Index.test.tsx" timestamp="2025-08-09T22:46:05.538Z" hostname="Stephens-MacBook-Air.local" tests="1" failures="0" errors="0" skipped="0" time="0.055486791">
        <testcase classname="src/pages/Index.test.tsx" name="Index page &gt; renders hero content" time="0.054798834">
        </testcase>
    </testsuite>
</testsuites>
